TN:
SF:/Users/hassanbadru/Google Drive/Tech Projects 2019/job/mapbox/butterfly-critique/src/butterflies.js
FN:7,(anonymous_0)
FN:25,(anonymous_1)
FNF:2
FNH:2
FNDA:2,(anonymous_0)
FNDA:4,(anonymous_1)
DA:1,4
DA:7,4
DA:10,2
DA:14,2
DA:15,1
DA:18,1
DA:25,4
DA:28,4
DA:29,4
DA:31,3
DA:35,1
DA:43,1
DA:47,1
DA:51,4
LF:14
LH:14
BRDA:14,0,0,1
BRDA:14,0,1,1
BRF:2
BRH:2
end_of_record
TN:
SF:/Users/hassanbadru/Google Drive/Tech Projects 2019/job/mapbox/butterfly-critique/src/constants.js
FNF:0
FNH:0
DA:1,4
DA:2,4
LF:2
LH:2
BRF:0
BRH:0
end_of_record
TN:
SF:/Users/hassanbadru/Google Drive/Tech Projects 2019/job/mapbox/butterfly-critique/src/index.js
FN:13,createApp
FN:21,(anonymous_1)
FN:24,(anonymous_2)
FN:27,(anonymous_3)
FN:30,(anonymous_4)
FN:33,(anonymous_5)
FN:36,(anonymous_6)
FN:39,(anonymous_7)
FNF:8
FNH:8
FNDA:4,createApp
FNDA:1,(anonymous_1)
FNDA:2,(anonymous_2)
FNDA:4,(anonymous_3)
FNDA:3,(anonymous_4)
FNDA:3,(anonymous_5)
FNDA:6,(anonymous_6)
FNDA:2,(anonymous_7)
DA:1,4
DA:2,4
DA:3,4
DA:4,4
DA:6,4
DA:8,4
DA:9,4
DA:10,4
DA:14,4
DA:15,4
DA:17,4
DA:18,4
DA:21,4
DA:24,4
DA:27,4
DA:30,4
DA:33,4
DA:36,6
DA:39,4
DA:42,4
DA:46,4
DA:57,4
LF:22
LH:22
BRDA:46,0,0,4
BRF:1
BRH:1
end_of_record
TN:
SF:/Users/hassanbadru/Google Drive/Tech Projects 2019/job/mapbox/butterfly-critique/src/ratebutterfly.js
FN:5,(anonymous_0)
FN:67,(anonymous_1)
FNF:2
FNH:2
FNDA:6,(anonymous_0)
FNDA:2,(anonymous_1)
DA:1,4
DA:5,4
DA:7,6
DA:9,6
DA:11,1
DA:16,5
DA:20,5
DA:22,1
DA:26,4
DA:27,4
DA:28,4
DA:32,4
DA:34,3
DA:35,2
DA:36,2
DA:37,2
DA:39,1
DA:40,1
DA:45,1
DA:49,3
DA:56,3
DA:60,3
DA:62,1
DA:66,2
DA:67,2
DA:69,2
DA:70,1
DA:72,1
DA:77,1
DA:84,1
DA:90,1
DA:96,1
DA:99,4
LF:33
LH:33
BRDA:20,0,0,1
BRDA:20,0,1,4
BRDA:32,1,0,3
BRDA:32,1,1,1
BRDA:32,2,0,4
BRDA:32,2,1,4
BRDA:34,3,0,2
BRDA:34,3,1,1
BRDA:60,4,0,1
BRDA:60,4,1,2
BRDA:69,5,0,1
BRDA:69,5,1,1
BRF:12
BRH:12
end_of_record
TN:
SF:/Users/hassanbadru/Google Drive/Tech Projects 2019/job/mapbox/butterfly-critique/src/users.js
FN:5,(anonymous_0)
FN:21,(anonymous_1)
FN:34,(anonymous_2)
FN:42,(anonymous_3)
FNF:4
FNH:4
FNDA:3,(anonymous_0)
FNDA:2,(anonymous_1)
FNDA:1,(anonymous_2)
FNDA:3,(anonymous_3)
DA:1,4
DA:5,4
DA:8,3
DA:12,3
DA:13,1
DA:16,2
DA:21,4
DA:24,2
DA:28,2
DA:29,1
DA:33,1
DA:34,1
DA:36,1
DA:42,4
DA:44,3
DA:45,3
DA:47,2
DA:51,1
DA:58,1
DA:62,1
DA:66,4
LF:21
LH:21
BRDA:12,0,0,1
BRDA:12,0,1,2
BRDA:28,1,0,1
BRDA:28,1,1,1
BRF:4
BRH:4
end_of_record
TN:
SF:/Users/hassanbadru/Google Drive/Tech Projects 2019/job/mapbox/butterfly-critique/src/validators.js
FNF:0
FNH:0
DA:1,5
DA:4,5
DA:14,5
DA:22,5
DA:30,5
LF:5
LH:5
BRF:0
BRH:0
end_of_record
